<?xml version="1.0" encoding="UTF-8"?>
<testng-results ignored="0" total="2" passed="2" failed="0" skipped="0">
  <reporter-output>
  </reporter-output>
  <suite started-at="2025-12-22T16:11:09 IST" name="FlightReservation Test Suite" finished-at="2025-12-22T16:11:12 IST" duration-ms="3145">
    <groups>
    </groups>
    <test started-at="2025-12-22T16:11:09 IST" name="FlightReservation Test cases" finished-at="2025-12-22T16:11:11 IST" duration-ms="1777">
      <class name="FlightReservationTestCases.UserRegistrationTestCase">
        <test-method signature="UserLogin(java.lang.String,java.lang.String,java.lang.String,java.lang.String,java.lang.String,java.lang.String)[pri:0, instance:FlightReservationTestCases.UserRegistrationTestCase@49e53c76]" started-at="2025-12-22T16:11:09 IST" name="UserLogin" finished-at="2025-12-22T16:11:11 IST" duration-ms="1738" status="PASS">
          <params>
            <param index="0">
              <value>
                <![CDATA[JasveerYadhav]]>
              </value>
            </param>
            <param index="1">
              <value>
                <![CDATA[9133630501]]>
              </value>
            </param>
            <param index="2">
              <value>
                <![CDATA[gin66655@gamil.com]]>
              </value>
            </param>
            <param index="3">
              <value>
                <![CDATA[Jin@6666]]>
              </value>
            </param>
            <param index="4">
              <value>
                <![CDATA[Male]]>
              </value>
            </param>
            <param index="5">
              <value>
                <![CDATA[17-10-2000]]>
              </value>
            </param>
          </params>
          <reporter-output>
          </reporter-output>
        </test-method> <!-- UserLogin -->
      </class> <!-- FlightReservationTestCases.UserRegistrationTestCase -->
    </test> <!-- FlightReservation Test cases -->
    <test started-at="2025-12-22T16:11:11 IST" name="FlightReservation Test cases2" finished-at="2025-12-22T16:11:12 IST" duration-ms="1322">
      <class name="FlightReservationTestCases.ResterUserTestCase">
        <test-method is-config="true" signature="OpenBswr()[pri:0, instance:FlightReservationTestCases.ResterUserTestCase@62379589]" started-at="2025-12-22T16:11:05 IST" name="OpenBswr" finished-at="2025-12-22T16:11:09 IST" duration-ms="4279" status="PASS">
          <reporter-output>
          </reporter-output>
        </test-method> <!-- OpenBswr -->
        <test-method signature="ResterUsertestcase(java.lang.String,java.lang.String)[pri:0, instance:FlightReservationTestCases.ResterUserTestCase@62379589]" started-at="2025-12-22T16:11:11 IST" name="ResterUsertestcase" finished-at="2025-12-22T16:11:12 IST" duration-ms="1312" status="PASS">
          <params>
            <param index="0">
              <value>
                <![CDATA[gin66655@gamil.com]]>
              </value>
            </param>
            <param index="1">
              <value>
                <![CDATA[Jin@6665]]>
              </value>
            </param>
          </params>
          <reporter-output>
          </reporter-output>
        </test-method> <!-- ResterUsertestcase -->
        <test-method is-config="true" signature="CloseBswr()[pri:0, instance:FlightReservationTestCases.ResterUserTestCase@62379589]" started-at="2025-12-22T16:11:12 IST" name="CloseBswr" finished-at="2025-12-22T16:11:13 IST" duration-ms="163" status="PASS">
          <reporter-output>
          </reporter-output>
        </test-method> <!-- CloseBswr -->
      </class> <!-- FlightReservationTestCases.ResterUserTestCase -->
    </test> <!-- FlightReservation Test cases2 -->
  </suite> <!-- FlightReservation Test Suite -->
</testng-results>
